Error
Error
Error
Error
Error: Internal server error
Error: Internal server error
Error: Internal server error
Error: Internal server error
Error
Error
Error
Error: Internal server error
Error: position must be a number conforming to the specified constraints
Error: data must be an array
Error: data must be an array
Error: data must be an array
Error: data must be an array
Error: data must be an array
Error: data must be an array
Error: Endpoint tidak ditemukan
Error: Endpoint tidak ditemukan
Error: Endpoint tidak ditemukan
Error: Endpoint tidak ditemukan
Error: data must be an array
Error: Endpoint tidak ditemukan
Error: Endpoint tidak ditemukan
Error: Endpoint tidak ditemukan
Error: data must be an array
